void         line 1 cols 1-4 is T_Void 
main         line 1 cols 6-9 is T_Identifier 
(            line 1 cols 10-10 is '(' 
int          line 1 cols 11-13 is T_Int 
arg          line 1 cols 15-17 is T_Identifier 
)            line 1 cols 18-18 is ')' 
{            line 1 cols 20-20 is '{' 
tabs         line 2 cols 2-5 is T_Identifier 
(            line 2 cols 6-6 is '(' 
)            line 2 cols 7-7 is ')' 
;            line 2 cols 8-8 is ';' 
if           line 3 cols 2-3 is T_If 
(            line 3 cols 5-5 is '(' 
arg          line 3 cols 6-8 is T_Identifier 
==           line 3 cols 10-11 is T_Equal 
0            line 3 cols 13-13 is T_IntConstant (value = 0)
)            line 3 cols 14-14 is ')' 
{            line 3 cols 16-16 is '{' 
are          line 4 cols 3-5 is T_Identifier 
.            line 4 cols 6-6 is '.' 
better       line 4 cols 7-12 is T_Identifier 
(            line 4 cols 13-13 is '(' 
)            line 4 cols 14-14 is ')' 
;            line 4 cols 15-15 is ';' 
than         line 5 cols 3-6 is T_Identifier 
(            line 5 cols 7-7 is '(' 
spaces       line 5 cols 8-13 is T_Identifier 
)            line 5 cols 14-14 is ')' 
;            line 5 cols 15-15 is ';' 
}            line 6 cols 2-2 is '}' 
}            line 7 cols 1-1 is '}' 
