
   Program: 
  1   ClassDecl: 
  1      Identifier: trivial
  3   ClassDecl: 
  3      Identifier: child
  3      (extends) NamedType: 
  3         Identifier: trivial
  5   ClassDecl: 
  5      Identifier: descendent
  5      (extends) NamedType: 
  5         Identifier: child
  5      (implements) NamedType: 
  5         Identifier: privelege
  7   ClassDecl: 
  7      Identifier: data
  7      (implements) NamedType: 
  7         Identifier: lore
  8      VarDecl: 
            Type: int
  8         Identifier: index
  9      VarDecl: 
            Type: string
  9         Identifier: infinite_tape
 10      FnDecl: 
            (return type) Type: void
 10         Identifier: startup
            (body) StmtBlock: 
 11            VarDecl: 
                  Type: int
 11               Identifier: a
 12            VarDecl: 
 12               NamedType: 
 12                  Identifier: Cow
 12               Identifier: boy
