
   Program: 
  1   FnDecl: 
         (return type) Type: void
  1      Identifier: trivial
         (body) StmtBlock: 
  3   FnDecl: 
         (return type) Type: bool
  3      Identifier: return1
         (body) StmtBlock: 
  4   FnDecl: 
  4      (return type) ArrayType: 
            Type: int
  4      Identifier: return2
         (body) StmtBlock: 
  5   FnDecl: 
  5      (return type) NamedType: 
  5         Identifier: Howdy
  5      Identifier: return3
         (body) StmtBlock: 
  6   FnDecl: 
  6      (return type) ArrayType: 
  6         NamedType: 
  6            Identifier: Howdy
  6      Identifier: return4
         (body) StmtBlock: 
  8   FnDecl: 
         (return type) Type: double
  8      Identifier: arg
  8      (formals) VarDecl: 
            Type: int
  8         Identifier: argc
         (body) StmtBlock: 
  9   FnDecl: 
         (return type) Type: string
  9      Identifier: args
  9      (formals) VarDecl: 
            Type: int
  9         Identifier: argc
  9      (formals) VarDecl: 
  9         ArrayType: 
               Type: string
  9         Identifier: argv
         (body) StmtBlock: 
 11   FnDecl: 
         (return type) Type: int
 11      Identifier: fn
 11      (formals) VarDecl: 
            Type: int
 11         Identifier: input
         (body) StmtBlock: 
 12         VarDecl: 
               Type: int
 12            Identifier: a
