
   Program: 
  1   FnDecl: 
         (return type) Type: void
  1      Identifier: main
         (body) StmtBlock: 
  2         PostfixExpr: 
  2            FieldAccess: 
  2               Identifier: i
  2            Operator: ++
            IfStmt: 
  3            (test) EqualityExpr: 
  3               FieldAccess: 
  3                  Identifier: i
  3               Operator: ==
  3               PostfixExpr: 
  3                  ArrayAccess: 
  3                     FieldAccess: 
  3                        Identifier: arr
  3                     (subscript) FieldAccess: 
  3                        Identifier: j
  3                  Operator: --
  3            (then) Call: 
  3               Identifier: call
