
   Program: 
  1   FnDecl: 
         (return type) Type: void
  1      Identifier: main
         (body) StmtBlock: 
  2         VarDecl: 
               Type: int
  2            Identifier: test
  3         VarDecl: 
               Type: bool
  3            Identifier: on
  4         AssignExpr: 
  4            FieldAccess: 
  4               Identifier: on
  4            Operator: =
  4            BoolConstant: false
  5         AssignExpr: 
  5            FieldAccess: 
  5               Identifier: howdy
  5            Operator: =
  5            ArithmeticExpr: 
  5               IntConstant: 10
  5               Operator: +
  5               FieldAccess: 
  5                  Identifier: test
  6         AssignExpr: 
  6            FieldAccess: 
  6               Identifier: on
  6            Operator: =
  6            LogicalExpr: 
  6               FieldAccess: 
  6                  Identifier: on
  6               Operator: ||
  6               RelationalExpr: 
  6                  FieldAccess: 
  6                     Identifier: howdy
  6                  Operator: >
  6                  ArithmeticExpr: 
  6                     IntConstant: 10
  6                     Operator: +
  6                     IntConstant: 15
