
   Program: 
  1   FnDecl: 
         (return type) Type: int
  1      Identifier: lib
         (body) StmtBlock: 
  2         VarDecl: 
               Type: int
  2            Identifier: i
  3         VarDecl: 
               Type: string
  3            Identifier: s
  4         VarDecl: 
  4            NamedType: 
  4               Identifier: Cow
  4            Identifier: c
  5         VarDecl: 
  5            ArrayType: 
  5               NamedType: 
  5                  Identifier: Cow
  5            Identifier: pen
  6         AssignExpr: 
  6            FieldAccess: 
  6               Identifier: i
  6            Operator: =
  6            ReadIntegerExpr: 
  7         AssignExpr: 
  7            FieldAccess: 
  7               Identifier: s
  7            Operator: =
  7            ReadLineExpr: 
  8         AssignExpr: 
  8            FieldAccess: 
  8               Identifier: c
  8            Operator: =
  8            NewExpr: 
  8               NamedType: 
  8                  Identifier: Cow
  9         AssignExpr: 
  9            FieldAccess: 
  9               Identifier: pen
  9            Operator: =
  9            NewArrayExpr: 
  9               ArithmeticExpr: 
  9                  FieldAccess: 
  9                     Identifier: i
  9                  Operator: *
  9                  IntConstant: 10
  9               NamedType: 
  9                  Identifier: Cow
